<?xml version="1.0" encoding="UTF-8"?>
<!-- Generated by org.testng.reporters.JUnitXMLReporter -->
<testsuite ignored="0" hostname="LAPTOP-2OFMSJ0A" failures="0" tests="7" name="Test1" time="161.876" errors="0" timestamp="2022-10-10T16:48:56 IST">
  <testcase classname="com.SauceDemo.TestClasses.TC01_VerifyLoginFunctionality" name="verifyLoginFunctionality" time="0.027"/>
  <testcase classname="com.SauceDemo.TestClasses.TC01_VerifyLoginFunctionalityByMouse" name="loginFunctionality2" time="0.056"/>
  <testcase classname="com.SauceDemo.TestClasses.TC02_VerifyLogoutFunctionality" name="VerifyLogoutFunctionality" time="0.656"/>
  <testcase classname="com.SauceDemo.TestClasses.TC03_VerifySortingFunctionality" name="VerifySortingFunctionality" time="2.473"/>
  <testcase classname="com.SauceDemo.TestClasses.TC04_VerifyAddtoCartFunctionality" name="VerifyAddtoCartFunctionality" time="0.597"/>
  <testcase classname="com.SauceDemo.TestClasses.TC05_VerifyAllProductAddtoCartFunctionality" name="VerifyAllProductAddtoCartFunctionality" time="0.709"/>
  <testcase classname="com.SauceDemo.TestClasses.TC06_VerifyRemoveProductFunctionality" name="TRemoveProductFunctionality" time="30.385"/>
</testsuite> <!-- Test1 -->
